<?xml version="1.0" encoding="UTF-8"?>
<testng-results ignored="0" total="6" passed="6" failed="0" skipped="0">
  <reporter-output>
  </reporter-output>
  <suite started-at="2023-01-21T20:16:00 EST" name="Suite" finished-at="2023-01-21T20:16:00 EST" duration-ms="50">
    <groups>
    </groups>
    <test started-at="2023-01-21T20:16:00 EST" name="Test" finished-at="2023-01-21T20:16:00 EST" duration-ms="50">
      <class name="bdTuch.basith401.AppiumTest">
        <test-method signature="mobileLogin()[pri:0, instance:bdTuch.basith401.AppiumTest@5e600dd5]" started-at="2023-01-21T20:16:00 EST" name="mobileLogin" finished-at="2023-01-21T20:16:00 EST" duration-ms="2" status="PASS">
          <reporter-output>
          </reporter-output>
        </test-method> <!-- mobileLogin -->
        <test-method signature="mobileLogout()[pri:0, instance:bdTuch.basith401.AppiumTest@5e600dd5]" started-at="2023-01-21T20:16:00 EST" name="mobileLogout" finished-at="2023-01-21T20:16:00 EST" duration-ms="1" status="PASS">
          <reporter-output>
          </reporter-output>
        </test-method> <!-- mobileLogout -->
      </class> <!-- bdTuch.basith401.AppiumTest -->
      <class name="bdTuch.basith401.RestAPITest">
        <test-method signature="bugtest()[pri:0, instance:bdTuch.basith401.RestAPITest@55634720]" started-at="2023-01-21T20:16:00 EST" name="bugtest" finished-at="2023-01-21T20:16:00 EST" duration-ms="6" status="PASS">
          <reporter-output>
          </reporter-output>
        </test-method> <!-- bugtest -->
        <test-method signature="jiraReport()[pri:0, instance:bdTuch.basith401.RestAPITest@55634720]" started-at="2023-01-21T20:16:00 EST" name="jiraReport" finished-at="2023-01-21T20:16:00 EST" duration-ms="1" status="PASS">
          <reporter-output>
          </reporter-output>
        </test-method> <!-- jiraReport -->
      </class> <!-- bdTuch.basith401.RestAPITest -->
      <class name="bdTuch.basith401.SeleniumTest">
        <test-method signature="userLogin()[pri:0, instance:bdTuch.basith401.SeleniumTest@130c12b7]" started-at="2023-01-21T20:16:00 EST" name="userLogin" finished-at="2023-01-21T20:16:00 EST" duration-ms="1" status="PASS">
          <reporter-output>
          </reporter-output>
        </test-method> <!-- userLogin -->
        <test-method signature="webbrowser()[pri:0, instance:bdTuch.basith401.SeleniumTest@130c12b7]" started-at="2023-01-21T20:16:00 EST" name="webbrowser" finished-at="2023-01-21T20:16:00 EST" duration-ms="1" status="PASS">
          <reporter-output>
          </reporter-output>
        </test-method> <!-- webbrowser -->
      </class> <!-- bdTuch.basith401.SeleniumTest -->
    </test> <!-- Test -->
  </suite> <!-- Suite -->
</testng-results>
