<?xml version="1.0" encoding="UTF-8"?>
<!-- Generated by org.testng.reporters.JUnitXMLReporter -->
<testsuite ignored="0" hostname="Abduls-MBP" failures="0" tests="6" name="Test" time="0.05" errors="0" timestamp="2023-01-21T20:16:00 EST">
  <testcase classname="bdTuch.basith401.RestAPITest" name="bugtest" time="0.006"/>
  <testcase classname="bdTuch.basith401.RestAPITest" name="jiraReport" time="0.001"/>
  <testcase classname="bdTuch.basith401.SeleniumTest" name="userLogin" time="0.001"/>
  <testcase classname="bdTuch.basith401.SeleniumTest" name="webbrowser" time="0.001"/>
  <testcase classname="bdTuch.basith401.AppiumTest" name="mobileLogin" time="0.002"/>
  <testcase classname="bdTuch.basith401.AppiumTest" name="mobileLogout" time="0.001"/>
</testsuite> <!-- Test -->
